<?xml version="1.0" encoding="UTF-8"?>
<testsuite name="com.example.cashcard.CashCardJsonTest" tests="1" skipped="0" failures="1" errors="0" timestamp="2024-12-31T10:55:29" hostname="Vamshis-Mac-mini.local" time="0.003">
  <properties/>
  <testcase name="cashCardListSerializationTest()" classname="com.example.cashcard.CashCardJsonTest" time="0.003">
    <failure message="java.lang.NullPointerException: Cannot invoke &quot;org.springframework.boot.test.json.JacksonTester.write(Object)&quot; because &quot;this.jsonList&quot; is null" type="java.lang.NullPointerException">java.lang.NullPointerException: Cannot invoke &quot;org.springframework.boot.test.json.JacksonTester.write(Object)&quot; because &quot;this.jsonList&quot; is null
	at com.example.cashcard.CashCardJsonTest.cashCardListSerializationTest(CashCardJsonTest.java:37)
	at java.base/java.lang.reflect.Method.invoke(Method.java:580)
	at java.base/java.util.ArrayList.forEach(ArrayList.java:1596)
	at java.base/java.util.ArrayList.forEach(ArrayList.java:1596)
</failure>
  </testcase>
  <system-out><![CDATA[]]></system-out>
  <system-err><![CDATA[]]></system-err>
</testsuite>
